<?xml version="1.0" encoding="UTF-8"?>
<!-- Generated by org.testng.reporters.JUnitReportReporter -->
<testsuite skipped="0" hostname="mdmislam" name="Framework.AppTest" tests="1" failures="0" timestamp="26 Sep 2018 18:07:25 GMT" time="18.149" errors="0">
  <testcase name="Textmodule" time="18.149" classname="Framework.AppTest"/>
</testsuite> <!-- Framework.AppTest -->
