<?xml version="1.0" encoding="UTF-8"?>
<!-- Generated by org.testng.reporters.JUnitReportReporter -->
<testsuite skipped="0" hostname="mdmislam" name="Testcase.Text_module_Testcase" tests="1" failures="0" timestamp="26 Sep 2018 18:13:42 GMT" time="16.363" errors="0">
  <testcase name="Textmodule" time="16.363" classname="Testcase.Text_module_Testcase"/>
</testsuite> <!-- Testcase.Text_module_Testcase -->
