<?xml version="1.0" encoding="UTF-8"?>
<!-- Generated by org.testng.reporters.JUnitReportReporter -->
<testsuite skipped="0" hostname="mdmislam" name="Testcase.Homepage_Text_TestCase" tests="1" failures="0" timestamp="26 Sep 2018 18:19:47 GMT" time="26.010" errors="0">
  <testcase name="Homepage_Text_module" time="26.010" classname="Testcase.Homepage_Text_TestCase"/>
</testsuite> <!-- Testcase.Homepage_Text_TestCase -->
